\BOOKMARK [0][-]{Doc-Start}{\376\377\000A\000G\000R\000A\000D\000E\000C\000I\000M\000I\000E\000N\000T\000O\000S}{}% 1
\BOOKMARK [0][-]{Doc-Start}{\376\377\000R\000e\000s\000u\000m\000e\000n}{}% 2
\BOOKMARK [0][-]{Doc-Start}{\376\377\000A\000b\000s\000t\000r\000a\000c\000t}{}% 3
\BOOKMARK [0][-]{chapter.1}{\376\377\000I\000n\000t\000r\000o\000d\000u\000c\000c\000i\000\363\000n}{}% 4
\BOOKMARK [1][-]{section.1.1}{\376\377\000E\000s\000t\000e\000\040\000e\000s\000\040\000u\000n\000\040\000t\000\355\000t\000u\000l\000o}{chapter.1}% 5
\BOOKMARK [2][-]{subsection.1.1.1}{\376\377\000E\000s\000t\000e\000\040\000e\000s\000\040\000u\000n\000\040\000s\000u\000b\000\040\000t\000\355\000t\000u\000l\000o}{section.1.1}% 6
\BOOKMARK [3][-]{subsubsection.1.1.1.1}{\376\377\000E\000s\000t\000e\000\040\000e\000s\000\040\000u\000n\000\040\000s\000u\000b\000\040\000s\000u\000b\000\040\000t\000\355\000t\000u\000l\000o}{subsection.1.1.1}% 7
\BOOKMARK [4][-]{paragraph.1.1.1.1.1}{\376\377\000E\000s\000t\000e\000\040\000e\000s\000\040\000u\000n\000\040\000p\000\341\000r\000r\000a\000f\000o}{subsubsection.1.1.1.1}% 8
\BOOKMARK [0][-]{chapter.2}{\376\377\000M\000a\000r\000c\000o\000\040\000T\000e\000\363\000r\000i\000c\000o}{}% 9
\BOOKMARK [1][-]{section.2.1}{\376\377\000E\000s\000t\000e\000\040\000e\000s\000\040\000u\000n\000\040\000t\000\355\000t\000u\000l\000o}{chapter.2}% 10
\BOOKMARK [2][-]{subsection.2.1.1}{\376\377\000E\000s\000t\000e\000\040\000e\000s\000\040\000u\000n\000\040\000s\000u\000b\000\040\000t\000\355\000t\000u\000l\000o}{section.2.1}% 11
\BOOKMARK [3][-]{subsubsection.2.1.1.1}{\376\377\000E\000s\000t\000e\000\040\000e\000s\000\040\000u\000n\000\040\000s\000u\000b\000\040\000s\000u\000b\000\040\000t\000\355\000t\000u\000l\000o}{subsection.2.1.1}% 12
\BOOKMARK [4][-]{paragraph.2.1.1.1.1}{\376\377\000E\000s\000t\000e\000\040\000e\000s\000\040\000u\000n\000\040\000p\000\341\000r\000r\000a\000f\000o}{subsubsection.2.1.1.1}% 13
\BOOKMARK [0][-]{chapter.3}{\376\377\000M\000e\000t\000o\000d\000o\000l\000o\000g\000\355\000a}{}% 14
\BOOKMARK [0][-]{chapter.4}{\376\377\000A\000n\000\341\000l\000i\000s\000i\000s}{}% 15
\BOOKMARK [0][-]{chapter.5}{\376\377\000D\000i\000s\000c\000u\000s\000i\000\363\000n}{}% 16
\BOOKMARK [0][-]{chapter.6}{\376\377\000C\000o\000n\000c\000l\000u\000s\000i\000\363\000n}{}% 17
\BOOKMARK [0][-]{chapter.6}{\376\377\000R\000e\000f\000e\000r\000e\000n\000c\000i\000a\000s}{}% 18
\BOOKMARK [0][-]{chapter*.4}{\376\377\000A\000p\000\351\000n\000d\000i\000c\000e\000s}{}% 19
\BOOKMARK [0][-]{appendix.Alph1}{\376\377\000T\000e\000s\000t}{}% 20
\BOOKMARK [1][-]{section.Alph1.1}{\376\377\000h\000o\000l\000a}{appendix.Alph1}% 21
\BOOKMARK [1][-]{section.Alph1.2}{\376\377\000L\000o\000g\000o\000\040\000U\000n\000i\000v\000e\000r\000s\000i\000d\000a\000d\000\040\000d\000e\000\040\000C\000o\000n\000c\000e\000p\000c\000i\000\363\000n}{appendix.Alph1}% 22
